<?xml version="1.0" encoding="UTF-8"?>
<coverage generated="1618336746999" clover="3.2.0">
  <project timestamp="1618336746999" name="All files">
    <metrics statements="141" coveredstatements="125" conditionals="24" coveredconditionals="18" methods="60" coveredmethods="47" elements="225" coveredelements="190" complexity="0" loc="141" ncloc="141" packages="4" files="14" classes="14"/>
    <package name="src">
      <metrics statements="81" coveredstatements="72" conditionals="16" coveredconditionals="12" methods="26" coveredmethods="20"/>
      <file name="clustering-column.ts" path="/Users/cameronharris/Documents/personal_dev/cqlist/src/clustering-column.ts">
        <metrics statements="8" coveredstatements="8" conditionals="4" coveredconditionals="3" methods="3" coveredmethods="3"/>
        <line num="7" count="3" type="cond" truecount="2" falsecount="0"/>
        <line num="8" count="3" type="stmt"/>
        <line num="9" count="3" type="stmt"/>
        <line num="12" count="3" type="stmt"/>
        <line num="16" count="6" type="cond" truecount="1" falsecount="1"/>
        <line num="17" count="6" type="stmt"/>
        <line num="18" count="6" type="stmt"/>
        <line num="20" count="3" type="stmt"/>
      </file>
      <file name="data-types.ts" path="/Users/cameronharris/Documents/personal_dev/cqlist/src/data-types.ts">
        <metrics statements="3" coveredstatements="3" conditionals="2" coveredconditionals="2" methods="1" coveredmethods="1"/>
        <line num="2" count="3" type="cond" truecount="2" falsecount="0"/>
        <line num="3" count="3" type="stmt"/>
        <line num="4" count="3" type="stmt"/>
      </file>
      <file name="index.ts" path="/Users/cameronharris/Documents/personal_dev/cqlist/src/index.ts">
        <metrics statements="13" coveredstatements="13" conditionals="0" coveredconditionals="0" methods="6" coveredmethods="5"/>
        <line num="2" count="3" type="stmt"/>
        <line num="3" count="3" type="stmt"/>
        <line num="4" count="3" type="stmt"/>
        <line num="6" count="3" type="stmt"/>
        <line num="7" count="3" type="stmt"/>
        <line num="10" count="15" type="stmt"/>
        <line num="11" count="7" type="stmt"/>
        <line num="12" count="3" type="stmt"/>
        <line num="13" count="3" type="stmt"/>
        <line num="14" count="3" type="stmt"/>
        <line num="15" count="4" type="stmt"/>
        <line num="16" count="4" type="stmt"/>
        <line num="17" count="4" type="stmt"/>
      </file>
      <file name="schema.ts" path="/Users/cameronharris/Documents/personal_dev/cqlist/src/schema.ts">
        <metrics statements="33" coveredstatements="26" conditionals="6" coveredconditionals="4" methods="9" coveredmethods="6"/>
        <line num="3" count="3" type="stmt"/>
        <line num="4" count="3" type="stmt"/>
        <line num="5" count="3" type="stmt"/>
        <line num="7" count="3" type="stmt"/>
        <line num="8" count="3" type="stmt"/>
        <line num="11" count="3" type="stmt"/>
        <line num="13" count="4" type="stmt"/>
        <line num="19" count="4" type="stmt"/>
        <line num="20" count="4" type="stmt"/>
        <line num="23" count="3" type="stmt"/>
        <line num="24" count="7" type="stmt"/>
        <line num="25" count="7" type="stmt"/>
        <line num="28" count="3" type="stmt"/>
        <line num="31" count="0" type="stmt"/>
        <line num="33" count="0" type="stmt"/>
        <line num="35" count="0" type="stmt"/>
        <line num="38" count="3" type="stmt"/>
        <line num="40" count="0" type="stmt"/>
        <line num="42" count="0" type="stmt"/>
        <line num="44" count="0" type="stmt"/>
        <line num="47" count="3" type="stmt"/>
        <line num="49" count="2" type="stmt"/>
        <line num="51" count="3" type="stmt"/>
        <line num="53" count="9" type="stmt"/>
        <line num="54" count="9" type="cond" truecount="2" falsecount="0"/>
        <line num="55" count="8" type="stmt"/>
        <line num="58" count="2" type="stmt"/>
        <line num="62" count="2" type="cond" truecount="1" falsecount="1"/>
        <line num="64" count="2" type="cond" truecount="1" falsecount="1"/>
        <line num="65" count="0" type="stmt"/>
        <line num="68" count="2" type="stmt"/>
        <line num="69" count="3" type="stmt"/>
        <line num="76" count="3" type="stmt"/>
      </file>
      <file name="table.ts" path="/Users/cameronharris/Documents/personal_dev/cqlist/src/table.ts">
        <metrics statements="24" coveredstatements="22" conditionals="4" coveredconditionals="3" methods="7" coveredmethods="5"/>
        <line num="4" count="3" type="stmt"/>
        <line num="7" count="3" type="stmt"/>
        <line num="10" count="7" type="stmt"/>
        <line num="11" count="7" type="stmt"/>
        <line num="14" count="7" type="stmt"/>
        <line num="17" count="7" type="cond" truecount="1" falsecount="1"/>
        <line num="22" count="3" type="stmt"/>
        <line num="25" count="7" type="stmt"/>
        <line num="28" count="7" type="stmt"/>
        <line num="31" count="7" type="stmt"/>
        <line num="34" count="3" type="stmt"/>
        <line num="38" count="6" type="cond" truecount="2" falsecount="0"/>
        <line num="39" count="3" type="stmt"/>
        <line num="40" count="6" type="stmt"/>
        <line num="43" count="3" type="stmt"/>
        <line num="46" count="6" type="stmt"/>
        <line num="49" count="3" type="stmt"/>
        <line num="51" count="3" type="stmt"/>
        <line num="53" count="3" type="stmt"/>
        <line num="57" count="3" type="stmt"/>
        <line num="58" count="0" type="stmt"/>
        <line num="61" count="3" type="stmt"/>
        <line num="62" count="0" type="stmt"/>
        <line num="64" count="3" type="stmt"/>
      </file>
    </package>
    <package name="src.attributes">
      <metrics statements="13" coveredstatements="13" conditionals="0" coveredconditionals="0" methods="4" coveredmethods="4"/>
      <file name="index.ts" path="/Users/cameronharris/Documents/personal_dev/cqlist/src/attributes/index.ts">
        <metrics statements="3" coveredstatements="3" conditionals="0" coveredconditionals="0" methods="0" coveredmethods="0"/>
        <line num="1" count="3" type="stmt"/>
        <line num="2" count="3" type="stmt"/>
        <line num="5" count="3" type="stmt"/>
      </file>
      <file name="text-attribute.ts" path="/Users/cameronharris/Documents/personal_dev/cqlist/src/attributes/text-attribute.ts">
        <metrics statements="5" coveredstatements="5" conditionals="0" coveredconditionals="0" methods="2" coveredmethods="2"/>
        <line num="2" count="3" type="stmt"/>
        <line num="4" count="3" type="stmt"/>
        <line num="6" count="12" type="stmt"/>
        <line num="9" count="12" type="stmt"/>
        <line num="11" count="3" type="stmt"/>
      </file>
      <file name="uuid-attribute.ts" path="/Users/cameronharris/Documents/personal_dev/cqlist/src/attributes/uuid-attribute.ts">
        <metrics statements="5" coveredstatements="5" conditionals="0" coveredconditionals="0" methods="2" coveredmethods="2"/>
        <line num="2" count="3" type="stmt"/>
        <line num="4" count="3" type="stmt"/>
        <line num="6" count="4" type="stmt"/>
        <line num="9" count="4" type="stmt"/>
        <line num="11" count="3" type="stmt"/>
      </file>
    </package>
    <package name="src.cql-generators">
      <metrics statements="31" coveredstatements="30" conditionals="8" coveredconditionals="6" methods="20" coveredmethods="19"/>
      <file name="create-table.ts" path="/Users/cameronharris/Documents/personal_dev/cqlist/src/cql-generators/create-table.ts">
        <metrics statements="17" coveredstatements="16" conditionals="6" coveredconditionals="4" methods="13" coveredmethods="12"/>
        <line num="4" count="3" type="stmt"/>
        <line num="7" count="3" type="stmt"/>
        <line num="8" count="3" type="stmt"/>
        <line num="9" count="3" type="stmt"/>
        <line num="11" count="3" type="stmt"/>
        <line num="13" count="9" type="stmt"/>
        <line num="15" count="8" type="stmt"/>
        <line num="17" count="3" type="stmt"/>
        <line num="19" count="3" type="cond" truecount="2" falsecount="0"/>
        <line num="21" count="2" type="cond" truecount="1" falsecount="1"/>
        <line num="22" count="0" type="stmt"/>
        <line num="25" count="2" type="stmt"/>
        <line num="27" count="4" type="stmt"/>
        <line num="29" count="3" type="stmt"/>
        <line num="31" count="3" type="stmt"/>
        <line num="33" count="4" type="stmt"/>
        <line num="35" count="3" type="cond" truecount="1" falsecount="1"/>
      </file>
      <file name="insert-into.ts" path="/Users/cameronharris/Documents/personal_dev/cqlist/src/cql-generators/insert-into.ts">
        <metrics statements="12" coveredstatements="12" conditionals="2" coveredconditionals="2" methods="4" coveredmethods="4"/>
        <line num="5" count="3" type="stmt"/>
        <line num="8" count="3" type="stmt"/>
        <line num="9" count="3" type="stmt"/>
        <line num="11" count="5" type="stmt"/>
        <line num="13" count="24" type="stmt"/>
        <line num="15" count="3" type="stmt"/>
        <line num="17" count="6" type="stmt"/>
        <line num="19" count="24" type="stmt"/>
        <line num="21" count="24" type="stmt"/>
        <line num="23" count="24" type="cond" truecount="2" falsecount="0"/>
        <line num="25" count="24" type="stmt"/>
        <line num="29" count="6" type="stmt"/>
      </file>
      <file name="utils.ts" path="/Users/cameronharris/Documents/personal_dev/cqlist/src/cql-generators/utils.ts">
        <metrics statements="2" coveredstatements="2" conditionals="0" coveredconditionals="0" methods="3" coveredmethods="3"/>
        <line num="3" count="21" type="stmt"/>
        <line num="4" count="10" type="stmt"/>
      </file>
    </package>
    <package name="src.executables">
      <metrics statements="16" coveredstatements="10" conditionals="0" coveredconditionals="0" methods="10" coveredmethods="4"/>
      <file name="batch-executable.ts" path="/Users/cameronharris/Documents/personal_dev/cqlist/src/executables/batch-executable.ts">
        <metrics statements="5" coveredstatements="4" conditionals="0" coveredconditionals="0" methods="3" coveredmethods="2"/>
        <line num="4" count="3" type="stmt"/>
        <line num="9" count="1" type="stmt"/>
        <line num="13" count="3" type="stmt"/>
        <line num="14" count="0" type="stmt"/>
        <line num="16" count="3" type="stmt"/>
      </file>
      <file name="multi-executable.ts" path="/Users/cameronharris/Documents/personal_dev/cqlist/src/executables/multi-executable.ts">
        <metrics statements="5" coveredstatements="3" conditionals="0" coveredconditionals="0" methods="4" coveredmethods="1"/>
        <line num="7" count="3" type="stmt"/>
        <line num="11" count="0" type="stmt"/>
        <line num="14" count="3" type="stmt"/>
        <line num="15" count="0" type="stmt"/>
        <line num="17" count="3" type="stmt"/>
      </file>
      <file name="single-executable.ts" path="/Users/cameronharris/Documents/personal_dev/cqlist/src/executables/single-executable.ts">
        <metrics statements="6" coveredstatements="3" conditionals="0" coveredconditionals="0" methods="3" coveredmethods="1"/>
        <line num="5" count="3" type="stmt"/>
        <line num="10" count="0" type="stmt"/>
        <line num="11" count="0" type="stmt"/>
        <line num="14" count="3" type="stmt"/>
        <line num="15" count="0" type="stmt"/>
        <line num="17" count="3" type="stmt"/>
      </file>
    </package>
  </project>
</coverage>
