{"/Users/cameronharris/Documents/personal_dev/cqlist/src/clustering-column.ts": {"path":"/Users/cameronharris/Documents/personal_dev/cqlist/src/clustering-column.ts","statementMap":{"0":{"start":{"line":7,"column":0},"end":{"line":7,"column":null}},"1":{"start":{"line":8,"column":4},"end":{"line":8,"column":null}},"2":{"start":{"line":9,"column":4},"end":{"line":9,"column":null}},"3":{"start":{"line":12,"column":0},"end":{"line":12,"column":null}},"4":{"start":{"line":16,"column":18},"end":{"line":16,"column":27}},"5":{"start":{"line":16,"column":27},"end":{"line":16,"column":55}},"6":{"start":{"line":16,"column":59},"end":{"line":16,"column":90}},"7":{"start":{"line":17,"column":8},"end":{"line":17,"column":35}},"8":{"start":{"line":18,"column":8},"end":{"line":18,"column":25}},"9":{"start":{"line":20,"column":0},"end":{"line":20,"column":null}}},"fnMap":{"0":{"name":"(anonymous_0)","decl":{"start":{"line":7,"column":0},"end":{"line":7,"column":12}},"loc":{"start":{"line":7,"column":31},"end":{"line":10,"column":1}}},"1":{"name":"(anonymous_1)","decl":{"start":{"line":12,"column":0},"end":{"line":12,"column":null}},"loc":{"start":{"line":12,"column":0},"end":{"line":20,"column":null}}},"2":{"name":"ClusteringColumn","decl":{"start":{"line":16,"column":4},"end":{"line":16,"column":16}},"loc":{"start":{"line":16,"column":90},"end":{"line":19,"column":5}}}},"branchMap":{"0":{"loc":{"start":{"line":7,"column":12},"end":{"line":7,"column":31}},"type":"binary-expr","locations":[{"start":{"line":7,"column":12},"end":{"line":7,"column":31}},{"start":{"line":7,"column":12},"end":{"line":7,"column":null}}]},"1":{"loc":{"start":{"line":16,"column":30},"end":{"line":16,"column":53}},"type":"cond-expr","locations":[{"start":{"line":16,"column":30},"end":{"line":16,"column":53}},{"start":{"line":16,"column":53},"end":{"line":16,"column":55}}]}},"s":{"0":3,"1":3,"2":3,"3":3,"4":6,"5":6,"6":6,"7":6,"8":6,"9":3},"f":{"0":3,"1":3,"2":6},"b":{"0":[3,3],"1":[0,6]}}
,"/Users/cameronharris/Documents/personal_dev/cqlist/src/data-types.ts": {"path":"/Users/cameronharris/Documents/personal_dev/cqlist/src/data-types.ts","statementMap":{"0":{"start":{"line":2,"column":0},"end":{"line":2,"column":null}},"1":{"start":{"line":3,"column":4},"end":{"line":3,"column":null}},"2":{"start":{"line":4,"column":4},"end":{"line":4,"column":null}}},"fnMap":{"0":{"name":"(anonymous_0)","decl":{"start":{"line":2,"column":0},"end":{"line":2,"column":12}},"loc":{"start":{"line":2,"column":25},"end":{"line":5,"column":1}}}},"branchMap":{"0":{"loc":{"start":{"line":2,"column":12},"end":{"line":2,"column":25}},"type":"binary-expr","locations":[{"start":{"line":2,"column":12},"end":{"line":2,"column":25}},{"start":{"line":2,"column":12},"end":{"line":2,"column":null}}]}},"s":{"0":3,"1":3,"2":3},"f":{"0":3},"b":{"0":[3,3]}}
,"/Users/cameronharris/Documents/personal_dev/cqlist/src/index.ts": {"path":"/Users/cameronharris/Documents/personal_dev/cqlist/src/index.ts","statementMap":{"0":{"start":{"line":2,"column":0},"end":{"line":2,"column":9}},"1":{"start":{"line":10,"column":4},"end":{"line":2,"column":24}},"2":{"start":{"line":11,"column":4},"end":{"line":2,"column":60}},"3":{"start":{"line":3,"column":0},"end":{"line":3,"column":7}},"4":{"start":{"line":12,"column":4},"end":{"line":3,"column":30}},"5":{"start":{"line":4,"column":0},"end":{"line":4,"column":7}},"6":{"start":{"line":13,"column":4},"end":{"line":4,"column":28}},"7":{"start":{"line":6,"column":0},"end":{"line":6,"column":9}},"8":{"start":{"line":14,"column":4},"end":{"line":6,"column":22}},"9":{"start":{"line":16,"column":4},"end":{"line":6,"column":46}},"10":{"start":{"line":17,"column":4},"end":{"line":6,"column":106}},"11":{"start":{"line":7,"column":0},"end":{"line":7,"column":9}},"12":{"start":{"line":15,"column":4},"end":{"line":7,"column":53}}},"fnMap":{"0":{"name":"(anonymous_1)","decl":{"start":{"line":10,"column":4},"end":{"line":10,"column":17}},"loc":{"start":{"line":10,"column":4},"end":{"line":2,"column":24}}},"1":{"name":"(anonymous_2)","decl":{"start":{"line":11,"column":4},"end":{"line":11,"column":17}},"loc":{"start":{"line":11,"column":4},"end":{"line":2,"column":60}}},"2":{"name":"(anonymous_3)","decl":{"start":{"line":14,"column":4},"end":{"line":14,"column":15}},"loc":{"start":{"line":14,"column":4},"end":{"line":6,"column":22}}},"3":{"name":"(anonymous_4)","decl":{"start":{"line":16,"column":4},"end":{"line":16,"column":26}},"loc":{"start":{"line":16,"column":4},"end":{"line":6,"column":46}}},"4":{"name":"(anonymous_5)","decl":{"start":{"line":17,"column":4},"end":{"line":17,"column":23}},"loc":{"start":{"line":17,"column":4},"end":{"line":6,"column":106}}},"5":{"name":"(anonymous_6)","decl":{"start":{"line":15,"column":4},"end":{"line":15,"column":15}},"loc":{"start":{"line":15,"column":4},"end":{"line":7,"column":53}}}},"branchMap":{},"s":{"0":3,"1":15,"2":7,"3":3,"4":3,"5":3,"6":3,"7":3,"8":3,"9":4,"10":4,"11":3,"12":4},"f":{"0":12,"1":4,"2":0,"3":1,"4":1,"5":1},"b":{}}
,"/Users/cameronharris/Documents/personal_dev/cqlist/src/schema.ts": {"path":"/Users/cameronharris/Documents/personal_dev/cqlist/src/schema.ts","statementMap":{"0":{"start":{"line":3,"column":0},"end":{"line":3,"column":63}},"1":{"start":{"line":4,"column":0},"end":{"line":4,"column":60}},"2":{"start":{"line":5,"column":0},"end":{"line":5,"column":61}},"3":{"start":{"line":7,"column":0},"end":{"line":7,"column":69}},"4":{"start":{"line":8,"column":0},"end":{"line":8,"column":61}},"5":{"start":{"line":11,"column":0},"end":{"line":11,"column":null}},"6":{"start":{"line":13,"column":12},"end":{"line":13,"column":39}},"7":{"start":{"line":19,"column":8},"end":{"line":19,"column":25}},"8":{"start":{"line":20,"column":8},"end":{"line":20,"column":37}},"9":{"start":{"line":23,"column":4},"end":{"line":26,"column":null}},"10":{"start":{"line":24,"column":8},"end":{"line":24,"column":33}},"11":{"start":{"line":25,"column":8},"end":{"line":25,"column":20}},"12":{"start":{"line":28,"column":4},"end":{"line":36,"column":null}},"13":{"start":{"line":31,"column":53},"end":{"line":33,"column":66}},"14":{"start":{"line":33,"column":30},"end":{"line":33,"column":66}},"15":{"start":{"line":35,"column":8},"end":{"line":35,"column":48}},"16":{"start":{"line":38,"column":4},"end":{"line":45,"column":null}},"17":{"start":{"line":40,"column":30},"end":{"line":40,"column":32}},"18":{"start":{"line":42,"column":36},"end":{"line":42,"column":38}},"19":{"start":{"line":44,"column":8},"end":{"line":44,"column":49}},"20":{"start":{"line":47,"column":4},"end":{"line":74,"column":null}},"21":{"start":{"line":47,"column":4},"end":{"line":47,"column":7}},"22":{"start":{"line":49,"column":35},"end":{"line":60,"column":9}},"23":{"start":{"line":51,"column":23},"end":{"line":51,"column":25}},"24":{"start":{"line":53,"column":12},"end":{"line":56,"column":null}},"25":{"start":{"line":53,"column":39},"end":{"line":53,"column":72}},"26":{"start":{"line":53,"column":70},"end":{"line":53,"column":72}},"27":{"start":{"line":53,"column":23},"end":{"line":53,"column":24}},"28":{"start":{"line":53,"column":27},"end":{"line":53,"column":29}},"29":{"start":{"line":53,"column":34},"end":{"line":53,"column":35}},"30":{"start":{"line":54,"column":16},"end":{"line":54,"column":125}},"31":{"start":{"line":54,"column":47},"end":{"line":54,"column":125}},"32":{"start":{"line":55,"column":16},"end":{"line":55,"column":37}},"33":{"start":{"line":58,"column":12},"end":{"line":58,"column":24}},"34":{"start":{"line":62,"column":8},"end":{"line":62,"column":104}},"35":{"start":{"line":62,"column":39},"end":{"line":62,"column":104}},"36":{"start":{"line":64,"column":8},"end":{"line":66,"column":null}},"37":{"start":{"line":65,"column":12},"end":{"line":65,"column":106}},"38":{"start":{"line":68,"column":8},"end":{"line":73,"column":12}},"39":{"start":{"line":69,"column":12},"end":{"line":72,"column":14}},"40":{"start":{"line":76,"column":0},"end":{"line":76,"column":null}}},"fnMap":{"0":{"name":"(anonymous_4)","decl":{"start":{"line":11,"column":0},"end":{"line":11,"column":null}},"loc":{"start":{"line":11,"column":0},"end":{"line":76,"column":null}}},"1":{"name":"Schema","decl":{"start":{"line":18,"column":4},"end":{"line":18,"column":16}},"loc":{"start":{"line":18,"column":67},"end":{"line":21,"column":5}}},"2":{"name":"(anonymous_6)","decl":{"start":{"line":23,"column":4},"end":{"line":23,"column":12}},"loc":{"start":{"line":23,"column":25},"end":{"line":26,"column":5}}},"3":{"name":"(anonymous_7)","decl":{"start":{"line":28,"column":4},"end":{"line":28,"column":16}},"loc":{"start":{"line":28,"column":4},"end":{"line":36,"column":5}}},"4":{"name":"(anonymous_8)","decl":{"start":{"line":33,"column":17},"end":{"line":33,"column":26}},"loc":{"start":{"line":33,"column":26},"end":{"line":33,"column":34}}},"5":{"name":"(anonymous_9)","decl":{"start":{"line":38,"column":4},"end":{"line":38,"column":7}},"loc":{"start":{"line":38,"column":33},"end":{"line":45,"column":5}}},"6":{"name":"(anonymous_10)","decl":{"start":{"line":47,"column":4},"end":{"line":47,"column":7}},"loc":{"start":{"line":47,"column":33},"end":{"line":74,"column":5}}},"7":{"name":"(anonymous_11)","decl":{"start":{"line":49,"column":35},"end":{"line":49,"column":36}},"loc":{"start":{"line":49,"column":61},"end":{"line":60,"column":9}}},"8":{"name":"(anonymous_12)","decl":{"start":{"line":68,"column":52},"end":{"line":68,"column":57}},"loc":{"start":{"line":68,"column":57},"end":{"line":73,"column":9}}}},"branchMap":{"0":{"loc":{"start":{"line":54,"column":16},"end":{"line":54,"column":125}},"type":"if","locations":[{"start":{"line":54,"column":16},"end":{"line":54,"column":125}},{"start":{"line":54,"column":16},"end":{"line":54,"column":125}}]},"1":{"loc":{"start":{"line":62,"column":8},"end":{"line":62,"column":104}},"type":"if","locations":[{"start":{"line":62,"column":8},"end":{"line":62,"column":104}},{"start":{"line":62,"column":8},"end":{"line":62,"column":104}}]},"2":{"loc":{"start":{"line":64,"column":8},"end":{"line":66,"column":null}},"type":"if","locations":[{"start":{"line":64,"column":8},"end":{"line":66,"column":null}},{"start":{"line":64,"column":8},"end":{"line":66,"column":null}}]}},"s":{"0":3,"1":3,"2":3,"3":3,"4":3,"5":3,"6":4,"7":4,"8":4,"9":3,"10":7,"11":7,"12":3,"13":0,"14":0,"15":0,"16":3,"17":0,"18":0,"19":0,"20":3,"21":2,"22":2,"23":3,"24":3,"25":3,"26":3,"27":9,"28":9,"29":9,"30":9,"31":1,"32":8,"33":2,"34":2,"35":0,"36":2,"37":0,"38":2,"39":3,"40":3},"f":{"0":3,"1":4,"2":7,"3":0,"4":0,"5":0,"6":2,"7":3,"8":3},"b":{"0":[1,8],"1":[0,2],"2":[0,2]}}
,"/Users/cameronharris/Documents/personal_dev/cqlist/src/table.ts": {"path":"/Users/cameronharris/Documents/personal_dev/cqlist/src/table.ts","statementMap":{"0":{"start":{"line":4,"column":0},"end":{"line":4,"column":60}},"1":{"start":{"line":7,"column":0},"end":{"line":7,"column":null}},"2":{"start":{"line":10,"column":4},"end":{"line":10,"column":40}},"3":{"start":{"line":11,"column":4},"end":{"line":11,"column":52}},"4":{"start":{"line":14,"column":8},"end":{"line":14,"column":29}},"5":{"start":{"line":17,"column":8},"end":{"line":19,"column":null}},"6":{"start":{"line":22,"column":11},"end":{"line":32,"column":null}},"7":{"start":{"line":25,"column":22},"end":{"line":25,"column":39}},"8":{"start":{"line":28,"column":8},"end":{"line":28,"column":31}},"9":{"start":{"line":31,"column":8},"end":{"line":31,"column":21}},"10":{"start":{"line":34,"column":4},"end":{"line":47,"column":null}},"11":{"start":{"line":38,"column":8},"end":{"line":44,"column":null}},"12":{"start":{"line":39,"column":12},"end":{"line":41,"column":null}},"13":{"start":{"line":39,"column":25},"end":{"line":39,"column":26}},"14":{"start":{"line":40,"column":16},"end":{"line":40,"column":48}},"15":{"start":{"line":43,"column":12},"end":{"line":43,"column":41}},"16":{"start":{"line":46,"column":8},"end":{"line":46,"column":20}},"17":{"start":{"line":49,"column":4},"end":{"line":55,"column":null}},"18":{"start":{"line":51,"column":8},"end":{"line":51,"column":51}},"19":{"start":{"line":53,"column":8},"end":{"line":53,"column":20}},"20":{"start":{"line":57,"column":4},"end":{"line":59,"column":null}},"21":{"start":{"line":58,"column":8},"end":{"line":58,"column":33}},"22":{"start":{"line":61,"column":4},"end":{"line":63,"column":null}},"23":{"start":{"line":62,"column":8},"end":{"line":62,"column":27}},"24":{"start":{"line":64,"column":0},"end":{"line":64,"column":null}}},"fnMap":{"0":{"name":"(anonymous_0)","decl":{"start":{"line":7,"column":0},"end":{"line":7,"column":null}},"loc":{"start":{"line":7,"column":0},"end":{"line":64,"column":null}}},"1":{"name":"Table","decl":{"start":{"line":13,"column":4},"end":{"line":13,"column":24}},"loc":{"start":{"line":13,"column":38},"end":{"line":20,"column":5}}},"2":{"name":"(anonymous_2)","decl":{"start":{"line":22,"column":4},"end":{"line":22,"column":11}},"loc":{"start":{"line":22,"column":30},"end":{"line":32,"column":5}}},"3":{"name":"(anonymous_3)","decl":{"start":{"line":34,"column":4},"end":{"line":34,"column":6}},"loc":{"start":{"line":34,"column":41},"end":{"line":47,"column":5}}},"4":{"name":"(anonymous_4)","decl":{"start":{"line":49,"column":4},"end":{"line":49,"column":11}},"loc":{"start":{"line":49,"column":54},"end":{"line":55,"column":5}}},"5":{"name":"(anonymous_5)","decl":{"start":{"line":57,"column":4},"end":{"line":57,"column":15}},"loc":{"start":{"line":57,"column":4},"end":{"line":59,"column":5}}},"6":{"name":"(anonymous_6)","decl":{"start":{"line":61,"column":4},"end":{"line":61,"column":9}},"loc":{"start":{"line":61,"column":38},"end":{"line":63,"column":5}}}},"branchMap":{"0":{"loc":{"start":{"line":17,"column":8},"end":{"line":19,"column":null}},"type":"if","locations":[{"start":{"line":17,"column":8},"end":{"line":19,"column":null}},{"start":{"line":17,"column":8},"end":{"line":19,"column":null}}]},"1":{"loc":{"start":{"line":38,"column":8},"end":{"line":44,"column":null}},"type":"if","locations":[{"start":{"line":38,"column":8},"end":{"line":44,"column":null}},{"start":{"line":38,"column":8},"end":{"line":44,"column":null}}]}},"s":{"0":3,"1":3,"2":7,"3":7,"4":7,"5":7,"6":3,"7":7,"8":7,"9":7,"10":3,"11":6,"12":3,"13":3,"14":6,"15":3,"16":6,"17":3,"18":3,"19":3,"20":3,"21":0,"22":3,"23":0,"24":3},"f":{"0":3,"1":7,"2":7,"3":6,"4":3,"5":0,"6":0},"b":{"0":[0,7],"1":[3,3]}}
,"/Users/cameronharris/Documents/personal_dev/cqlist/src/attributes/index.ts": {"path":"/Users/cameronharris/Documents/personal_dev/cqlist/src/attributes/index.ts","statementMap":{"0":{"start":{"line":1,"column":0},"end":{"line":1,"column":7}},"1":{"start":{"line":5,"column":9},"end":{"line":1,"column":45}},"2":{"start":{"line":2,"column":0},"end":{"line":2,"column":7}},"3":{"start":{"line":5,"column":24},"end":{"line":2,"column":45}}},"fnMap":{},"branchMap":{},"s":{"0":3,"1":3,"2":3,"3":3},"f":{},"b":{}}
,"/Users/cameronharris/Documents/personal_dev/cqlist/src/attributes/text-attribute.ts": {"path":"/Users/cameronharris/Documents/personal_dev/cqlist/src/attributes/text-attribute.ts","statementMap":{"0":{"start":{"line":2,"column":0},"end":{"line":2,"column":46}},"1":{"start":{"line":4,"column":0},"end":{"line":4,"column":null}},"2":{"start":{"line":6,"column":4},"end":{"line":6,"column":45}},"3":{"start":{"line":9,"column":8},"end":{"line":9,"column":25}},"4":{"start":{"line":11,"column":0},"end":{"line":11,"column":null}}},"fnMap":{"0":{"name":"(anonymous_0)","decl":{"start":{"line":4,"column":0},"end":{"line":4,"column":null}},"loc":{"start":{"line":4,"column":0},"end":{"line":11,"column":null}}},"1":{"name":"TextAttribute","decl":{"start":{"line":8,"column":4},"end":{"line":8,"column":16}},"loc":{"start":{"line":8,"column":28},"end":{"line":10,"column":5}}}},"branchMap":{},"s":{"0":3,"1":3,"2":12,"3":12,"4":3},"f":{"0":3,"1":12},"b":{}}
,"/Users/cameronharris/Documents/personal_dev/cqlist/src/attributes/uuid-attribute.ts": {"path":"/Users/cameronharris/Documents/personal_dev/cqlist/src/attributes/uuid-attribute.ts","statementMap":{"0":{"start":{"line":2,"column":0},"end":{"line":2,"column":46}},"1":{"start":{"line":4,"column":0},"end":{"line":4,"column":null}},"2":{"start":{"line":6,"column":4},"end":{"line":6,"column":45}},"3":{"start":{"line":9,"column":8},"end":{"line":9,"column":25}},"4":{"start":{"line":11,"column":0},"end":{"line":11,"column":null}}},"fnMap":{"0":{"name":"(anonymous_0)","decl":{"start":{"line":4,"column":0},"end":{"line":4,"column":null}},"loc":{"start":{"line":4,"column":0},"end":{"line":11,"column":null}}},"1":{"name":"UuidAttribute","decl":{"start":{"line":8,"column":4},"end":{"line":8,"column":16}},"loc":{"start":{"line":8,"column":28},"end":{"line":10,"column":5}}}},"branchMap":{},"s":{"0":3,"1":3,"2":4,"3":4,"4":3},"f":{"0":3,"1":4},"b":{}}
,"/Users/cameronharris/Documents/personal_dev/cqlist/src/cql-generators/create-table.ts": {"path":"/Users/cameronharris/Documents/personal_dev/cqlist/src/cql-generators/create-table.ts","statementMap":{"0":{"start":{"line":4,"column":0},"end":{"line":4,"column":59}},"1":{"start":{"line":7,"column":21},"end":{"line":7,"column":35}},"2":{"start":{"line":8,"column":20},"end":{"line":8,"column":33}},"3":{"start":{"line":9,"column":33},"end":{"line":9,"column":59}},"4":{"start":{"line":11,"column":27},"end":{"line":11,"column":56}},"5":{"start":{"line":11,"column":53},"end":{"line":11,"column":233}},"6":{"start":{"line":11,"column":13},"end":{"line":11,"column":27}},"7":{"start":{"line":13,"column":38},"end":{"line":13,"column":75}},"8":{"start":{"line":13,"column":72},"end":{"line":13,"column":110}},"9":{"start":{"line":13,"column":13},"end":{"line":13,"column":38}},"10":{"start":{"line":15,"column":35},"end":{"line":15,"column":67}},"11":{"start":{"line":15,"column":61},"end":{"line":15,"column":171}},"12":{"start":{"line":15,"column":106},"end":{"line":15,"column":109}},"13":{"start":{"line":15,"column":118},"end":{"line":15,"column":119}},"14":{"start":{"line":15,"column":124},"end":{"line":15,"column":158}},"15":{"start":{"line":15,"column":13},"end":{"line":15,"column":35}},"16":{"start":{"line":17,"column":32},"end":{"line":28,"column":1}},"17":{"start":{"line":19,"column":4},"end":{"line":19,"column":109}},"18":{"start":{"line":19,"column":39},"end":{"line":19,"column":109}},"19":{"start":{"line":21,"column":4},"end":{"line":23,"column":null}},"20":{"start":{"line":22,"column":8},"end":{"line":22,"column":115}},"21":{"start":{"line":22,"column":98},"end":{"line":22,"column":108}},"22":{"start":{"line":25,"column":26},"end":{"line":25,"column":93}},"23":{"start":{"line":25,"column":82},"end":{"line":25,"column":92}},"24":{"start":{"line":27,"column":4},"end":{"line":27,"column":129}},"25":{"start":{"line":27,"column":94},"end":{"line":27,"column":104}},"26":{"start":{"line":17,"column":13},"end":{"line":17,"column":32}},"27":{"start":{"line":29,"column":35},"end":{"line":29,"column":72}},"28":{"start":{"line":29,"column":68},"end":{"line":29,"column":84}},"29":{"start":{"line":29,"column":13},"end":{"line":29,"column":35}},"30":{"start":{"line":31,"column":34},"end":{"line":31,"column":78}},"31":{"start":{"line":31,"column":67},"end":{"line":31,"column":96}},"32":{"start":{"line":31,"column":13},"end":{"line":31,"column":34}},"33":{"start":{"line":33,"column":38},"end":{"line":33,"column":89}},"34":{"start":{"line":33,"column":86},"end":{"line":33,"column":143}},"35":{"start":{"line":33,"column":13},"end":{"line":33,"column":38}},"36":{"start":{"line":35,"column":37},"end":{"line":35,"column":104}},"37":{"start":{"line":35,"column":90},"end":{"line":35,"column":234}},"38":{"start":{"line":35,"column":187},"end":{"line":35,"column":215}},"39":{"start":{"line":35,"column":13},"end":{"line":35,"column":37}}},"fnMap":{"0":{"name":"(anonymous_1)","decl":{"start":{"line":11,"column":27},"end":{"line":11,"column":28}},"loc":{"start":{"line":11,"column":40},"end":{"line":11,"column":56}}},"1":{"name":"(anonymous_2)","decl":{"start":{"line":13,"column":38},"end":{"line":13,"column":39}},"loc":{"start":{"line":13,"column":59},"end":{"line":13,"column":75}}},"2":{"name":"(anonymous_3)","decl":{"start":{"line":15,"column":35},"end":{"line":15,"column":36}},"loc":{"start":{"line":15,"column":48},"end":{"line":15,"column":67}}},"3":{"name":"(anonymous_4)","decl":{"start":{"line":15,"column":105},"end":{"line":15,"column":106}},"loc":{"start":{"line":15,"column":119},"end":{"line":15,"column":146}}},"4":{"name":"(anonymous_5)","decl":{"start":{"line":17,"column":32},"end":{"line":17,"column":33}},"loc":{"start":{"line":17,"column":45},"end":{"line":28,"column":1}}},"5":{"name":"(anonymous_6)","decl":{"start":{"line":22,"column":90},"end":{"line":22,"column":94}},"loc":{"start":{"line":22,"column":94},"end":{"line":22,"column":102}}},"6":{"name":"(anonymous_7)","decl":{"start":{"line":25,"column":74},"end":{"line":25,"column":78}},"loc":{"start":{"line":25,"column":78},"end":{"line":25,"column":86}}},"7":{"name":"(anonymous_8)","decl":{"start":{"line":27,"column":86},"end":{"line":27,"column":90}},"loc":{"start":{"line":27,"column":90},"end":{"line":27,"column":98}}},"8":{"name":"(anonymous_9)","decl":{"start":{"line":29,"column":35},"end":{"line":29,"column":36}},"loc":{"start":{"line":29,"column":55},"end":{"line":29,"column":72}}},"9":{"name":"(anonymous_10)","decl":{"start":{"line":31,"column":34},"end":{"line":31,"column":35}},"loc":{"start":{"line":31,"column":54},"end":{"line":31,"column":78}}},"10":{"name":"(anonymous_11)","decl":{"start":{"line":33,"column":38},"end":{"line":33,"column":39}},"loc":{"start":{"line":33,"column":73},"end":{"line":33,"column":89}}},"11":{"name":"(anonymous_12)","decl":{"start":{"line":35,"column":37},"end":{"line":35,"column":38}},"loc":{"start":{"line":35,"column":77},"end":{"line":35,"column":104}}},"12":{"name":"(anonymous_13)","decl":{"start":{"line":35,"column":180},"end":{"line":35,"column":183}},"loc":{"start":{"line":35,"column":183},"end":{"line":35,"column":209}}}},"branchMap":{"0":{"loc":{"start":{"line":19,"column":4},"end":{"line":19,"column":109}},"type":"if","locations":[{"start":{"line":19,"column":4},"end":{"line":19,"column":109}},{"start":{"line":19,"column":4},"end":{"line":19,"column":109}}]},"1":{"loc":{"start":{"line":21,"column":4},"end":{"line":23,"column":null}},"type":"if","locations":[{"start":{"line":21,"column":4},"end":{"line":23,"column":null}},{"start":{"line":21,"column":4},"end":{"line":23,"column":null}}]},"2":{"loc":{"start":{"line":35,"column":121},"end":{"line":35,"column":228}},"type":"cond-expr","locations":[{"start":{"line":35,"column":121},"end":{"line":35,"column":228}},{"start":{"line":35,"column":231},"end":{"line":35,"column":233}}]}},"s":{"0":3,"1":3,"2":3,"3":3,"4":3,"5":1,"6":3,"7":3,"8":9,"9":3,"10":3,"11":2,"12":8,"13":8,"14":8,"15":3,"16":3,"17":3,"18":1,"19":2,"20":0,"21":0,"22":2,"23":2,"24":2,"25":4,"26":3,"27":3,"28":3,"29":3,"30":3,"31":3,"32":3,"33":3,"34":4,"35":3,"36":3,"37":2,"38":3,"39":3},"f":{"0":1,"1":9,"2":2,"3":8,"4":3,"5":0,"6":2,"7":4,"8":3,"9":3,"10":4,"11":2,"12":3},"b":{"0":[1,2],"1":[0,2],"2":[2,0]}}
,"/Users/cameronharris/Documents/personal_dev/cqlist/src/cql-generators/insert-into.ts": {"path":"/Users/cameronharris/Documents/personal_dev/cqlist/src/cql-generators/insert-into.ts","statementMap":{"0":{"start":{"line":5,"column":0},"end":{"line":5,"column":59}},"1":{"start":{"line":8,"column":20},"end":{"line":8,"column":33}},"2":{"start":{"line":9,"column":15},"end":{"line":9,"column":23}},"3":{"start":{"line":11,"column":37},"end":{"line":11,"column":66}},"4":{"start":{"line":11,"column":63},"end":{"line":11,"column":182}},"5":{"start":{"line":11,"column":13},"end":{"line":11,"column":37}},"6":{"start":{"line":13,"column":32},"end":{"line":13,"column":69}},"7":{"start":{"line":13,"column":58},"end":{"line":13,"column":166}},"8":{"start":{"line":13,"column":118},"end":{"line":13,"column":121}},"9":{"start":{"line":13,"column":130},"end":{"line":13,"column":131}},"10":{"start":{"line":13,"column":136},"end":{"line":13,"column":151}},"11":{"start":{"line":13,"column":13},"end":{"line":13,"column":32}},"12":{"start":{"line":15,"column":39},"end":{"line":30,"column":1}},"13":{"start":{"line":17,"column":20},"end":{"line":17,"column":22}},"14":{"start":{"line":19,"column":4},"end":{"line":27,"column":null}},"15":{"start":{"line":19,"column":37},"end":{"line":19,"column":88}},"16":{"start":{"line":19,"column":86},"end":{"line":19,"column":88}},"17":{"start":{"line":19,"column":15},"end":{"line":19,"column":16}},"18":{"start":{"line":19,"column":21},"end":{"line":19,"column":23}},"19":{"start":{"line":19,"column":23},"end":{"line":19,"column":26}},"20":{"start":{"line":19,"column":31},"end":{"line":19,"column":32}},"21":{"start":{"line":21,"column":23},"end":{"line":21,"column":26}},"22":{"start":{"line":23,"column":8},"end":{"line":23,"column":103}},"23":{"start":{"line":23,"column":76},"end":{"line":23,"column":103}},"24":{"start":{"line":25,"column":8},"end":{"line":25,"column":41}},"25":{"start":{"line":29,"column":4},"end":{"line":29,"column":34}},"26":{"start":{"line":15,"column":13},"end":{"line":15,"column":39}}},"fnMap":{"0":{"name":"(anonymous_3)","decl":{"start":{"line":11,"column":37},"end":{"line":11,"column":38}},"loc":{"start":{"line":11,"column":50},"end":{"line":11,"column":66}}},"1":{"name":"(anonymous_4)","decl":{"start":{"line":13,"column":32},"end":{"line":13,"column":33}},"loc":{"start":{"line":13,"column":45},"end":{"line":13,"column":69}}},"2":{"name":"(anonymous_5)","decl":{"start":{"line":13,"column":117},"end":{"line":13,"column":118}},"loc":{"start":{"line":13,"column":131},"end":{"line":13,"column":145}}},"3":{"name":"(anonymous_6)","decl":{"start":{"line":15,"column":39},"end":{"line":15,"column":40}},"loc":{"start":{"line":15,"column":52},"end":{"line":30,"column":1}}}},"branchMap":{"0":{"loc":{"start":{"line":23,"column":8},"end":{"line":23,"column":103}},"type":"if","locations":[{"start":{"line":23,"column":8},"end":{"line":23,"column":103}},{"start":{"line":23,"column":8},"end":{"line":23,"column":103}}]}},"s":{"0":3,"1":3,"2":3,"3":3,"4":5,"5":3,"6":3,"7":6,"8":24,"9":24,"10":24,"11":3,"12":3,"13":6,"14":6,"15":6,"16":6,"17":24,"18":24,"19":24,"20":24,"21":24,"22":24,"23":18,"24":24,"25":6,"26":3},"f":{"0":5,"1":6,"2":24,"3":6},"b":{"0":[18,6]}}
,"/Users/cameronharris/Documents/personal_dev/cqlist/src/cql-generators/utils.ts": {"path":"/Users/cameronharris/Documents/personal_dev/cqlist/src/cql-generators/utils.ts","statementMap":{"0":{"start":{"line":3,"column":27},"end":{"line":3,"column":58}},"1":{"start":{"line":3,"column":54},"end":{"line":3,"column":67}},"2":{"start":{"line":3,"column":13},"end":{"line":3,"column":27}},"3":{"start":{"line":4,"column":35},"end":{"line":4,"column":64}},"4":{"start":{"line":4,"column":61},"end":{"line":4,"column":140}},"5":{"start":{"line":4,"column":118},"end":{"line":4,"column":127}},"6":{"start":{"line":4,"column":13},"end":{"line":4,"column":35}}},"fnMap":{"0":{"name":"(anonymous_0)","decl":{"start":{"line":3,"column":27},"end":{"line":3,"column":28}},"loc":{"start":{"line":3,"column":41},"end":{"line":3,"column":58}}},"1":{"name":"(anonymous_1)","decl":{"start":{"line":4,"column":35},"end":{"line":4,"column":36}},"loc":{"start":{"line":4,"column":48},"end":{"line":4,"column":64}}},"2":{"name":"(anonymous_2)","decl":{"start":{"line":4,"column":111},"end":{"line":4,"column":114}},"loc":{"start":{"line":4,"column":114},"end":{"line":4,"column":121}}}},"branchMap":{},"s":{"0":3,"1":21,"2":3,"3":3,"4":7,"5":10,"6":3},"f":{"0":21,"1":7,"2":10},"b":{}}
,"/Users/cameronharris/Documents/personal_dev/cqlist/src/executables/batch-executable.ts": {"path":"/Users/cameronharris/Documents/personal_dev/cqlist/src/executables/batch-executable.ts","statementMap":{"0":{"start":{"line":4,"column":0},"end":{"line":4,"column":null}},"1":{"start":{"line":9,"column":8},"end":{"line":9,"column":31}},"2":{"start":{"line":13,"column":4},"end":{"line":15,"column":null}},"3":{"start":{"line":14,"column":8},"end":{"line":14,"column":61}},"4":{"start":{"line":16,"column":0},"end":{"line":16,"column":null}}},"fnMap":{"0":{"name":"(anonymous_0)","decl":{"start":{"line":4,"column":0},"end":{"line":4,"column":null}},"loc":{"start":{"line":4,"column":0},"end":{"line":16,"column":null}}},"1":{"name":"BatchExecutable","decl":{"start":{"line":8,"column":4},"end":{"line":8,"column":16}},"loc":{"start":{"line":8,"column":35},"end":{"line":10,"column":5}}},"2":{"name":"(anonymous_2)","decl":{"start":{"line":13,"column":4},"end":{"line":13,"column":11}},"loc":{"start":{"line":13,"column":26},"end":{"line":15,"column":5}}}},"branchMap":{},"s":{"0":3,"1":1,"2":3,"3":0,"4":3},"f":{"0":3,"1":1,"2":0},"b":{}}
,"/Users/cameronharris/Documents/personal_dev/cqlist/src/executables/multi-executable.ts": {"path":"/Users/cameronharris/Documents/personal_dev/cqlist/src/executables/multi-executable.ts","statementMap":{"0":{"start":{"line":7,"column":0},"end":{"line":7,"column":null}},"1":{"start":{"line":11,"column":8},"end":{"line":11,"column":39}},"2":{"start":{"line":14,"column":4},"end":{"line":16,"column":null}},"3":{"start":{"line":15,"column":8},"end":{"line":15,"column":79}},"4":{"start":{"line":15,"column":56},"end":{"line":15,"column":77}},"5":{"start":{"line":17,"column":0},"end":{"line":17,"column":null}}},"fnMap":{"0":{"name":"(anonymous_0)","decl":{"start":{"line":7,"column":0},"end":{"line":7,"column":null}},"loc":{"start":{"line":7,"column":0},"end":{"line":17,"column":null}}},"1":{"name":"MultiExecutable","decl":{"start":{"line":10,"column":4},"end":{"line":10,"column":16}},"loc":{"start":{"line":10,"column":52},"end":{"line":12,"column":5}}},"2":{"name":"(anonymous_2)","decl":{"start":{"line":14,"column":4},"end":{"line":14,"column":11}},"loc":{"start":{"line":14,"column":26},"end":{"line":16,"column":5}}},"3":{"name":"(anonymous_3)","decl":{"start":{"line":15,"column":48},"end":{"line":15,"column":52}},"loc":{"start":{"line":15,"column":52},"end":{"line":15,"column":60}}}},"branchMap":{},"s":{"0":3,"1":0,"2":3,"3":0,"4":0,"5":3},"f":{"0":3,"1":0,"2":0,"3":0},"b":{}}
,"/Users/cameronharris/Documents/personal_dev/cqlist/src/executables/single-executable.ts": {"path":"/Users/cameronharris/Documents/personal_dev/cqlist/src/executables/single-executable.ts","statementMap":{"0":{"start":{"line":5,"column":0},"end":{"line":5,"column":null}},"1":{"start":{"line":10,"column":8},"end":{"line":10,"column":27}},"2":{"start":{"line":11,"column":8},"end":{"line":11,"column":25}},"3":{"start":{"line":14,"column":4},"end":{"line":16,"column":null}},"4":{"start":{"line":15,"column":8},"end":{"line":15,"column":72}},"5":{"start":{"line":17,"column":0},"end":{"line":17,"column":null}}},"fnMap":{"0":{"name":"(anonymous_0)","decl":{"start":{"line":5,"column":0},"end":{"line":5,"column":null}},"loc":{"start":{"line":5,"column":0},"end":{"line":17,"column":null}}},"1":{"name":"SingleExecutable","decl":{"start":{"line":9,"column":4},"end":{"line":9,"column":16}},"loc":{"start":{"line":9,"column":50},"end":{"line":12,"column":5}}},"2":{"name":"(anonymous_2)","decl":{"start":{"line":14,"column":4},"end":{"line":14,"column":11}},"loc":{"start":{"line":14,"column":26},"end":{"line":16,"column":5}}}},"branchMap":{},"s":{"0":3,"1":0,"2":0,"3":3,"4":0,"5":3},"f":{"0":3,"1":0,"2":0},"b":{}}
}
