TN:
SF:src/clustering-column.ts
FN:7,(anonymous_0)
FN:12,(anonymous_1)
FN:16,ClusteringColumn
FNF:3
FNH:3
FNDA:3,(anonymous_0)
FNDA:3,(anonymous_1)
FNDA:6,ClusteringColumn
DA:7,3
DA:8,3
DA:9,3
DA:12,3
DA:16,6
DA:17,6
DA:18,6
DA:20,3
LF:8
LH:8
BRDA:7,0,0,3
BRDA:7,0,1,3
BRDA:16,1,0,0
BRDA:16,1,1,6
BRF:4
BRH:3
end_of_record
TN:
SF:src/data-types.ts
FN:2,(anonymous_0)
FNF:1
FNH:1
FNDA:3,(anonymous_0)
DA:2,3
DA:3,3
DA:4,3
LF:3
LH:3
BRDA:2,0,0,3
BRDA:2,0,1,3
BRF:2
BRH:2
end_of_record
TN:
SF:src/index.ts
FN:10,(anonymous_1)
FN:11,(anonymous_2)
FN:14,(anonymous_3)
FN:16,(anonymous_4)
FN:17,(anonymous_5)
FN:15,(anonymous_6)
FNF:6
FNH:5
FNDA:12,(anonymous_1)
FNDA:4,(anonymous_2)
FNDA:0,(anonymous_3)
FNDA:1,(anonymous_4)
FNDA:1,(anonymous_5)
FNDA:1,(anonymous_6)
DA:2,3
DA:3,3
DA:4,3
DA:6,3
DA:7,3
DA:10,15
DA:11,7
DA:12,3
DA:13,3
DA:14,3
DA:15,4
DA:16,4
DA:17,4
LF:13
LH:13
BRF:0
BRH:0
end_of_record
TN:
SF:src/schema.ts
FN:11,(anonymous_4)
FN:18,Schema
FN:23,(anonymous_6)
FN:28,(anonymous_7)
FN:33,(anonymous_8)
FN:38,(anonymous_9)
FN:47,(anonymous_10)
FN:49,(anonymous_11)
FN:68,(anonymous_12)
FNF:9
FNH:6
FNDA:3,(anonymous_4)
FNDA:4,Schema
FNDA:7,(anonymous_6)
FNDA:0,(anonymous_7)
FNDA:0,(anonymous_8)
FNDA:0,(anonymous_9)
FNDA:2,(anonymous_10)
FNDA:3,(anonymous_11)
FNDA:3,(anonymous_12)
DA:3,3
DA:4,3
DA:5,3
DA:7,3
DA:8,3
DA:11,3
DA:13,4
DA:19,4
DA:20,4
DA:23,3
DA:24,7
DA:25,7
DA:28,3
DA:31,0
DA:33,0
DA:35,0
DA:38,3
DA:40,0
DA:42,0
DA:44,0
DA:47,3
DA:49,2
DA:51,3
DA:53,9
DA:54,9
DA:55,8
DA:58,2
DA:62,2
DA:64,2
DA:65,0
DA:68,2
DA:69,3
DA:76,3
LF:33
LH:26
BRDA:54,0,0,1
BRDA:54,0,1,8
BRDA:62,1,0,0
BRDA:62,1,1,2
BRDA:64,2,0,0
BRDA:64,2,1,2
BRF:6
BRH:4
end_of_record
TN:
SF:src/table.ts
FN:7,(anonymous_0)
FN:13,Table
FN:22,(anonymous_2)
FN:34,(anonymous_3)
FN:49,(anonymous_4)
FN:57,(anonymous_5)
FN:61,(anonymous_6)
FNF:7
FNH:5
FNDA:3,(anonymous_0)
FNDA:7,Table
FNDA:7,(anonymous_2)
FNDA:6,(anonymous_3)
FNDA:3,(anonymous_4)
FNDA:0,(anonymous_5)
FNDA:0,(anonymous_6)
DA:4,3
DA:7,3
DA:10,7
DA:11,7
DA:14,7
DA:17,7
DA:22,3
DA:25,7
DA:28,7
DA:31,7
DA:34,3
DA:38,6
DA:39,3
DA:40,6
DA:43,3
DA:46,6
DA:49,3
DA:51,3
DA:53,3
DA:57,3
DA:58,0
DA:61,3
DA:62,0
DA:64,3
LF:24
LH:22
BRDA:17,0,0,0
BRDA:17,0,1,7
BRDA:38,1,0,3
BRDA:38,1,1,3
BRF:4
BRH:3
end_of_record
TN:
SF:src/attributes/index.ts
FNF:0
FNH:0
DA:1,3
DA:2,3
DA:5,3
LF:3
LH:3
BRF:0
BRH:0
end_of_record
TN:
SF:src/attributes/text-attribute.ts
FN:4,(anonymous_0)
FN:8,TextAttribute
FNF:2
FNH:2
FNDA:3,(anonymous_0)
FNDA:12,TextAttribute
DA:2,3
DA:4,3
DA:6,12
DA:9,12
DA:11,3
LF:5
LH:5
BRF:0
BRH:0
end_of_record
TN:
SF:src/attributes/uuid-attribute.ts
FN:4,(anonymous_0)
FN:8,UuidAttribute
FNF:2
FNH:2
FNDA:3,(anonymous_0)
FNDA:4,UuidAttribute
DA:2,3
DA:4,3
DA:6,4
DA:9,4
DA:11,3
LF:5
LH:5
BRF:0
BRH:0
end_of_record
TN:
SF:src/cql-generators/create-table.ts
FN:11,(anonymous_1)
FN:13,(anonymous_2)
FN:15,(anonymous_3)
FN:15,(anonymous_4)
FN:17,(anonymous_5)
FN:22,(anonymous_6)
FN:25,(anonymous_7)
FN:27,(anonymous_8)
FN:29,(anonymous_9)
FN:31,(anonymous_10)
FN:33,(anonymous_11)
FN:35,(anonymous_12)
FN:35,(anonymous_13)
FNF:13
FNH:12
FNDA:1,(anonymous_1)
FNDA:9,(anonymous_2)
FNDA:2,(anonymous_3)
FNDA:8,(anonymous_4)
FNDA:3,(anonymous_5)
FNDA:0,(anonymous_6)
FNDA:2,(anonymous_7)
FNDA:4,(anonymous_8)
FNDA:3,(anonymous_9)
FNDA:3,(anonymous_10)
FNDA:4,(anonymous_11)
FNDA:2,(anonymous_12)
FNDA:3,(anonymous_13)
DA:4,3
DA:7,3
DA:8,3
DA:9,3
DA:11,3
DA:13,9
DA:15,8
DA:17,3
DA:19,3
DA:21,2
DA:22,0
DA:25,2
DA:27,4
DA:29,3
DA:31,3
DA:33,4
DA:35,3
LF:17
LH:16
BRDA:19,0,0,1
BRDA:19,0,1,2
BRDA:21,1,0,0
BRDA:21,1,1,2
BRDA:35,2,0,2
BRDA:35,2,1,0
BRF:6
BRH:4
end_of_record
TN:
SF:src/cql-generators/insert-into.ts
FN:11,(anonymous_3)
FN:13,(anonymous_4)
FN:13,(anonymous_5)
FN:15,(anonymous_6)
FNF:4
FNH:4
FNDA:5,(anonymous_3)
FNDA:6,(anonymous_4)
FNDA:24,(anonymous_5)
FNDA:6,(anonymous_6)
DA:5,3
DA:8,3
DA:9,3
DA:11,5
DA:13,24
DA:15,3
DA:17,6
DA:19,24
DA:21,24
DA:23,24
DA:25,24
DA:29,6
LF:12
LH:12
BRDA:23,0,0,18
BRDA:23,0,1,6
BRF:2
BRH:2
end_of_record
TN:
SF:src/cql-generators/utils.ts
FN:3,(anonymous_0)
FN:4,(anonymous_1)
FN:4,(anonymous_2)
FNF:3
FNH:3
FNDA:21,(anonymous_0)
FNDA:7,(anonymous_1)
FNDA:10,(anonymous_2)
DA:3,21
DA:4,10
LF:2
LH:2
BRF:0
BRH:0
end_of_record
TN:
SF:src/executables/batch-executable.ts
FN:4,(anonymous_0)
FN:8,BatchExecutable
FN:13,(anonymous_2)
FNF:3
FNH:2
FNDA:3,(anonymous_0)
FNDA:1,BatchExecutable
FNDA:0,(anonymous_2)
DA:4,3
DA:9,1
DA:13,3
DA:14,0
DA:16,3
LF:5
LH:4
BRF:0
BRH:0
end_of_record
TN:
SF:src/executables/multi-executable.ts
FN:7,(anonymous_0)
FN:10,MultiExecutable
FN:14,(anonymous_2)
FN:15,(anonymous_3)
FNF:4
FNH:1
FNDA:3,(anonymous_0)
FNDA:0,MultiExecutable
FNDA:0,(anonymous_2)
FNDA:0,(anonymous_3)
DA:7,3
DA:11,0
DA:14,3
DA:15,0
DA:17,3
LF:5
LH:3
BRF:0
BRH:0
end_of_record
TN:
SF:src/executables/single-executable.ts
FN:5,(anonymous_0)
FN:9,SingleExecutable
FN:14,(anonymous_2)
FNF:3
FNH:1
FNDA:3,(anonymous_0)
FNDA:0,SingleExecutable
FNDA:0,(anonymous_2)
DA:5,3
DA:10,0
DA:11,0
DA:14,3
DA:15,0
DA:17,3
LF:6
LH:3
BRF:0
BRH:0
end_of_record
